ERROR - 2022-06-23 01:01:16 --> Error connecting to the database: Unknown database 'dub'
CRITICAL - 2022-06-23 01:01:16 --> Unable to connect to the database.
Main connection [MySQLi]: Unknown database 'dub'
#0 C:\xampp\htdocs\oee-module\system\Database\BaseConnection.php(577): CodeIgniter\Database\BaseConnection->initialize()
#1 C:\xampp\htdocs\oee-module\system\Database\BaseBuilder.php(1455): CodeIgniter\Database\BaseConnection->query('SELECT *\nFROM `...', Array, false)
#2 C:\xampp\htdocs\oee-module\app\Models\MainModel.php(39): CodeIgniter\Database\BaseBuilder->get()
#3 C:\xampp\htdocs\oee-module\app\Controllers\Home.php(39): App\Models\MainModel->settings_machine()
#4 C:\xampp\htdocs\oee-module\system\CodeIgniter.php(825): App\Controllers\Home->dashboard()
#5 C:\xampp\htdocs\oee-module\system\CodeIgniter.php(412): CodeIgniter\CodeIgniter->runController(Object(App\Controllers\Home))
#6 C:\xampp\htdocs\oee-module\system\CodeIgniter.php(320): CodeIgniter\CodeIgniter->handleRequest(NULL, Object(Config\Cache), false)
#7 C:\xampp\htdocs\oee-module\index.php(37): CodeIgniter\CodeIgniter->run()
#8 {main}
CRITICAL - 2022-06-23 01:26:56 --> syntax error, unexpected token ","
#0 C:\xampp\htdocs\oee-module\system\Router\Router.php(175): CodeIgniter\Router\Router->autoRoute('/Home/convertMa...')
#1 C:\xampp\htdocs\oee-module\system\CodeIgniter.php(719): CodeIgniter\Router\Router->handle('/Home/convertMa...')
#2 C:\xampp\htdocs\oee-module\system\CodeIgniter.php(361): CodeIgniter\CodeIgniter->tryToRouteIt(Object(CodeIgniter\Router\RouteCollection))
#3 C:\xampp\htdocs\oee-module\system\CodeIgniter.php(320): CodeIgniter\CodeIgniter->handleRequest(NULL, Object(Config\Cache), false)
#4 C:\xampp\htdocs\oee-module\index.php(37): CodeIgniter\CodeIgniter->run()
#5 {main}
CRITICAL - 2022-06-23 01:34:32 --> Undefined array key "machine_id"
#0 C:\xampp\htdocs\oee-module\app\Controllers\Home.php(4449): CodeIgniter\Debug\Exceptions->errorHandler(2, 'Undefined array...', 'C:\\xampp\\htdocs...', 4449)
#1 C:\xampp\htdocs\oee-module\system\CodeIgniter.php(825): App\Controllers\Home->convertMachineData()
#2 C:\xampp\htdocs\oee-module\system\CodeIgniter.php(412): CodeIgniter\CodeIgniter->runController(Object(App\Controllers\Home))
#3 C:\xampp\htdocs\oee-module\system\CodeIgniter.php(320): CodeIgniter\CodeIgniter->handleRequest(NULL, Object(Config\Cache), false)
#4 C:\xampp\htdocs\oee-module\index.php(37): CodeIgniter\CodeIgniter->run()
#5 {main}
ERROR - 2022-06-23 02:16:17 --> Unknown column 'last_modified_on' in 'order clause'
CRITICAL - 2022-06-23 02:16:17 --> Call to a member function getResultArray() on bool
#0 C:\xampp\htdocs\oee-module\app\Controllers\Financial_Metrics.php(17): App\Models\Financial_Model->getGoalsFinancialData()
#1 C:\xampp\htdocs\oee-module\system\CodeIgniter.php(825): App\Controllers\Financial_Metrics->getOverallTarget()
#2 C:\xampp\htdocs\oee-module\system\CodeIgniter.php(412): CodeIgniter\CodeIgniter->runController(Object(App\Controllers\Financial_Metrics))
#3 C:\xampp\htdocs\oee-module\system\CodeIgniter.php(320): CodeIgniter\CodeIgniter->handleRequest(NULL, Object(Config\Cache), false)
#4 C:\xampp\htdocs\oee-module\index.php(37): CodeIgniter\CodeIgniter->run()
#5 {main}
CRITICAL - 2022-06-23 02:20:37 --> Maximum execution time of 120 seconds exceeded
#0 [internal function]: CodeIgniter\Debug\Exceptions->shutdownHandler()
#1 {main}
CRITICAL - 2022-06-23 02:30:46 --> Maximum execution time of 120 seconds exceeded
#0 [internal function]: CodeIgniter\Debug\Exceptions->shutdownHandler()
#1 {main}
CRITICAL - 2022-06-23 02:40:21 --> Maximum execution time of 120 seconds exceeded
#0 [internal function]: CodeIgniter\Debug\Exceptions->shutdownHandler()
#1 {main}
CRITICAL - 2022-06-23 02:48:04 --> Maximum execution time of 120 seconds exceeded
#0 [internal function]: CodeIgniter\Debug\Exceptions->shutdownHandler()
#1 {main}
CRITICAL - 2022-06-23 03:02:51 --> syntax error, unexpected double-quoted string "30:00"
#0 C:\xampp\htdocs\oee-module\system\Router\Router.php(175): CodeIgniter\Router\Router->autoRoute('/Home/hourData')
#1 C:\xampp\htdocs\oee-module\system\CodeIgniter.php(719): CodeIgniter\Router\Router->handle('/Home/hourData')
#2 C:\xampp\htdocs\oee-module\system\CodeIgniter.php(361): CodeIgniter\CodeIgniter->tryToRouteIt(Object(CodeIgniter\Router\RouteCollection))
#3 C:\xampp\htdocs\oee-module\system\CodeIgniter.php(320): CodeIgniter\CodeIgniter->handleRequest(NULL, Object(Config\Cache), false)
#4 C:\xampp\htdocs\oee-module\index.php(37): CodeIgniter\CodeIgniter->run()
#5 {main}
CRITICAL - 2022-06-23 03:03:40 --> syntax error, unexpected token "("
#0 C:\xampp\htdocs\oee-module\system\Router\Router.php(175): CodeIgniter\Router\Router->autoRoute('/Home/hourData')
#1 C:\xampp\htdocs\oee-module\system\CodeIgniter.php(719): CodeIgniter\Router\Router->handle('/Home/hourData')
#2 C:\xampp\htdocs\oee-module\system\CodeIgniter.php(361): CodeIgniter\CodeIgniter->tryToRouteIt(Object(CodeIgniter\Router\RouteCollection))
#3 C:\xampp\htdocs\oee-module\system\CodeIgniter.php(320): CodeIgniter\CodeIgniter->handleRequest(NULL, Object(Config\Cache), false)
#4 C:\xampp\htdocs\oee-module\index.php(37): CodeIgniter\CodeIgniter->run()
#5 {main}
CRITICAL - 2022-06-23 03:03:52 --> syntax error, unexpected double-quoted string "30:00"
#0 C:\xampp\htdocs\oee-module\system\Router\Router.php(175): CodeIgniter\Router\Router->autoRoute('/Home/hourData')
#1 C:\xampp\htdocs\oee-module\system\CodeIgniter.php(719): CodeIgniter\Router\Router->handle('/Home/hourData')
#2 C:\xampp\htdocs\oee-module\system\CodeIgniter.php(361): CodeIgniter\CodeIgniter->tryToRouteIt(Object(CodeIgniter\Router\RouteCollection))
#3 C:\xampp\htdocs\oee-module\system\CodeIgniter.php(320): CodeIgniter\CodeIgniter->handleRequest(NULL, Object(Config\Cache), false)
#4 C:\xampp\htdocs\oee-module\index.php(37): CodeIgniter\CodeIgniter->run()
#5 {main}
CRITICAL - 2022-06-23 03:07:34 --> Undefined array key "start_time"
#0 C:\xampp\htdocs\oee-module\app\Controllers\Home.php(1712): CodeIgniter\Debug\Exceptions->errorHandler(2, 'Undefined array...', 'C:\\xampp\\htdocs...', 1712)
#1 C:\xampp\htdocs\oee-module\app\Controllers\Home.php(1806): App\Controllers\Home->calcShot(Array)
#2 C:\xampp\htdocs\oee-module\system\CodeIgniter.php(825): App\Controllers\Home->hourData()
#3 C:\xampp\htdocs\oee-module\system\CodeIgniter.php(412): CodeIgniter\CodeIgniter->runController(Object(App\Controllers\Home))
#4 C:\xampp\htdocs\oee-module\system\CodeIgniter.php(320): CodeIgniter\CodeIgniter->handleRequest(NULL, Object(Config\Cache), false)
#5 C:\xampp\htdocs\oee-module\index.php(37): CodeIgniter\CodeIgniter->run()
#6 {main}
ERROR - 2022-06-23 03:16:17 --> Duplicate entry 'PE1001' for key 'production_event_id'
ERROR - 2022-06-23 03:16:17 --> Duplicate entry 'PE1001' for key 'production_event_id'
ERROR - 2022-06-23 03:16:17 --> Duplicate entry 'PE1001' for key 'production_event_id'
ERROR - 2022-06-23 03:16:17 --> Duplicate entry 'PE1001' for key 'production_event_id'
ERROR - 2022-06-23 03:16:17 --> Duplicate entry 'PE1001' for key 'production_event_id'
ERROR - 2022-06-23 03:16:17 --> Duplicate entry 'PE1001' for key 'production_event_id'
ERROR - 2022-06-23 03:16:17 --> Duplicate entry 'PE1001' for key 'production_event_id'
ERROR - 2022-06-23 03:16:17 --> Duplicate entry 'PE1001' for key 'production_event_id'
ERROR - 2022-06-23 03:16:18 --> Duplicate entry 'PE1001' for key 'production_event_id'
ERROR - 2022-06-23 03:16:18 --> Duplicate entry 'PE1001' for key 'production_event_id'
ERROR - 2022-06-23 03:16:18 --> Duplicate entry 'PE1001' for key 'production_event_id'
ERROR - 2022-06-23 03:16:18 --> Duplicate entry 'PE1001' for key 'production_event_id'
ERROR - 2022-06-23 03:16:18 --> Duplicate entry 'PE1001' for key 'production_event_id'
ERROR - 2022-06-23 03:16:19 --> Duplicate entry 'PE1001' for key 'production_event_id'
ERROR - 2022-06-23 03:16:19 --> Duplicate entry 'PE1001' for key 'production_event_id'
ERROR - 2022-06-23 03:16:19 --> Duplicate entry 'PE1001' for key 'production_event_id'
ERROR - 2022-06-23 03:16:19 --> Duplicate entry 'PE1001' for key 'production_event_id'
ERROR - 2022-06-23 03:16:19 --> Duplicate entry 'PE1001' for key 'production_event_id'
ERROR - 2022-06-23 03:16:19 --> Duplicate entry 'PE1001' for key 'production_event_id'
ERROR - 2022-06-23 03:16:19 --> Duplicate entry 'PE1001' for key 'production_event_id'
ERROR - 2022-06-23 03:16:20 --> Duplicate entry 'PE1001' for key 'production_event_id'
ERROR - 2022-06-23 03:16:20 --> Duplicate entry 'PE1001' for key 'production_event_id'
ERROR - 2022-06-23 03:16:20 --> Duplicate entry 'PE1001' for key 'production_event_id'
ERROR - 2022-06-23 03:16:20 --> Duplicate entry 'PE1001' for key 'production_event_id'
ERROR - 2022-06-23 03:16:20 --> Duplicate entry 'PE1001' for key 'production_event_id'
ERROR - 2022-06-23 03:16:20 --> Duplicate entry 'PE1001' for key 'production_event_id'
ERROR - 2022-06-23 03:16:20 --> Duplicate entry 'PE1001' for key 'production_event_id'
ERROR - 2022-06-23 03:16:20 --> Duplicate entry 'PE1001' for key 'production_event_id'
ERROR - 2022-06-23 03:16:20 --> Duplicate entry 'PE1001' for key 'production_event_id'
ERROR - 2022-06-23 03:16:21 --> Duplicate entry 'PE1001' for key 'production_event_id'
ERROR - 2022-06-23 03:16:21 --> Duplicate entry 'PE1001' for key 'production_event_id'
ERROR - 2022-06-23 03:16:21 --> Duplicate entry 'PE1001' for key 'production_event_id'
ERROR - 2022-06-23 03:16:21 --> Duplicate entry 'PE1001' for key 'production_event_id'
ERROR - 2022-06-23 03:16:21 --> Duplicate entry 'PE1001' for key 'production_event_id'
ERROR - 2022-06-23 03:16:21 --> Duplicate entry 'PE1001' for key 'production_event_id'
ERROR - 2022-06-23 03:16:21 --> Duplicate entry 'PE1001' for key 'production_event_id'
ERROR - 2022-06-23 03:16:21 --> Duplicate entry 'PE1001' for key 'production_event_id'
ERROR - 2022-06-23 03:16:22 --> Duplicate entry 'PE1001' for key 'production_event_id'
ERROR - 2022-06-23 03:16:22 --> Duplicate entry 'PE1001' for key 'production_event_id'
ERROR - 2022-06-23 03:16:22 --> Duplicate entry 'PE1001' for key 'production_event_id'
ERROR - 2022-06-23 03:16:22 --> Duplicate entry 'PE1001' for key 'production_event_id'
ERROR - 2022-06-23 03:16:22 --> Duplicate entry 'PE1001' for key 'production_event_id'
ERROR - 2022-06-23 03:16:22 --> Duplicate entry 'PE1001' for key 'production_event_id'
ERROR - 2022-06-23 03:16:22 --> Duplicate entry 'PE1001' for key 'production_event_id'
ERROR - 2022-06-23 03:16:22 --> Duplicate entry 'PE1001' for key 'production_event_id'
ERROR - 2022-06-23 03:16:23 --> Duplicate entry 'PE1001' for key 'production_event_id'
ERROR - 2022-06-23 03:16:23 --> Duplicate entry 'PE1001' for key 'production_event_id'
ERROR - 2022-06-23 03:16:23 --> Duplicate entry 'PE1001' for key 'production_event_id'
ERROR - 2022-06-23 03:16:23 --> Duplicate entry 'PE1001' for key 'production_event_id'
ERROR - 2022-06-23 03:16:23 --> Duplicate entry 'PE1001' for key 'production_event_id'
ERROR - 2022-06-23 03:16:23 --> Duplicate entry 'PE1001' for key 'production_event_id'
ERROR - 2022-06-23 03:16:23 --> Duplicate entry 'PE1001' for key 'production_event_id'
ERROR - 2022-06-23 03:16:23 --> Duplicate entry 'PE1001' for key 'production_event_id'
ERROR - 2022-06-23 03:16:23 --> Duplicate entry 'PE1001' for key 'production_event_id'
ERROR - 2022-06-23 03:16:24 --> Duplicate entry 'PE1001' for key 'production_event_id'
ERROR - 2022-06-23 03:16:24 --> Duplicate entry 'PE1001' for key 'production_event_id'
ERROR - 2022-06-23 03:16:24 --> Duplicate entry 'PE1001' for key 'production_event_id'
ERROR - 2022-06-23 03:16:24 --> Duplicate entry 'PE1001' for key 'production_event_id'
ERROR - 2022-06-23 03:16:24 --> Duplicate entry 'PE1001' for key 'production_event_id'
ERROR - 2022-06-23 03:16:24 --> Duplicate entry 'PE1001' for key 'production_event_id'
ERROR - 2022-06-23 03:16:24 --> Duplicate entry 'PE1001' for key 'production_event_id'
ERROR - 2022-06-23 03:16:24 --> Duplicate entry 'PE1001' for key 'production_event_id'
ERROR - 2022-06-23 03:16:24 --> Duplicate entry 'PE1001' for key 'production_event_id'
ERROR - 2022-06-23 03:16:24 --> Duplicate entry 'PE1001' for key 'production_event_id'
ERROR - 2022-06-23 03:16:25 --> Duplicate entry 'PE1001' for key 'production_event_id'
ERROR - 2022-06-23 03:16:25 --> Duplicate entry 'PE1001' for key 'production_event_id'
ERROR - 2022-06-23 04:22:32 --> Error connecting to the database: Unknown database 'dub'
CRITICAL - 2022-06-23 04:22:32 --> Unable to connect to the database.
Main connection [MySQLi]: Unknown database 'dub'
#0 C:\xampp\htdocs\oee-module\system\Database\BaseConnection.php(577): CodeIgniter\Database\BaseConnection->initialize()
#1 C:\xampp\htdocs\oee-module\system\Database\BaseBuilder.php(1455): CodeIgniter\Database\BaseConnection->query('SELECT *\nFROM `...', Array, false)
#2 C:\xampp\htdocs\oee-module\app\Models\Settings_Model.php(564): CodeIgniter\Database\BaseBuilder->get()
#3 C:\xampp\htdocs\oee-module\app\Controllers\Settings_controller.php(566): App\Models\Settings_Model->getShift()
#4 C:\xampp\htdocs\oee-module\system\CodeIgniter.php(825): App\Controllers\Settings_controller->getShiftData()
#5 C:\xampp\htdocs\oee-module\system\CodeIgniter.php(412): CodeIgniter\CodeIgniter->runController(Object(App\Controllers\Settings_controller))
#6 C:\xampp\htdocs\oee-module\system\CodeIgniter.php(320): CodeIgniter\CodeIgniter->handleRequest(NULL, Object(Config\Cache), false)
#7 C:\xampp\htdocs\oee-module\index.php(37): CodeIgniter\CodeIgniter->run()
#8 {main}
ERROR - 2022-06-23 04:22:32 --> Error connecting to the database: Unknown database 'dub'
CRITICAL - 2022-06-23 04:22:32 --> Unable to connect to the database.
Main connection [MySQLi]: Unknown database 'dub'
#0 C:\xampp\htdocs\oee-module\system\Database\BaseConnection.php(577): CodeIgniter\Database\BaseConnection->initialize()
#1 C:\xampp\htdocs\oee-module\system\Database\BaseBuilder.php(1455): CodeIgniter\Database\BaseConnection->query('SELECT `s`.`dow...', Array, false)
#2 C:\xampp\htdocs\oee-module\app\Models\Settings_Model.php(650): CodeIgniter\Database\BaseBuilder->get()
#3 C:\xampp\htdocs\oee-module\app\Controllers\Settings_controller.php(612): App\Models\Settings_Model->getDowntimeRData()
#4 C:\xampp\htdocs\oee-module\system\CodeIgniter.php(825): App\Controllers\Settings_controller->getDowntimeRData()
#5 C:\xampp\htdocs\oee-module\system\CodeIgniter.php(412): CodeIgniter\CodeIgniter->runController(Object(App\Controllers\Settings_controller))
#6 C:\xampp\htdocs\oee-module\system\CodeIgniter.php(320): CodeIgniter\CodeIgniter->handleRequest(NULL, Object(Config\Cache), false)
#7 C:\xampp\htdocs\oee-module\index.php(37): CodeIgniter\CodeIgniter->run()
#8 {main}
ERROR - 2022-06-23 04:22:32 --> Error connecting to the database: Unknown database 'dub'
CRITICAL - 2022-06-23 04:22:32 --> Unable to connect to the database.
Main connection [MySQLi]: Unknown database 'dub'
#0 C:\xampp\htdocs\oee-module\system\Database\BaseConnection.php(577): CodeIgniter\Database\BaseConnection->initialize()
#1 C:\xampp\htdocs\oee-module\system\Database\BaseBuilder.php(1455): CodeIgniter\Database\BaseConnection->query('SELECT *\nFROM `...', Array, false)
#2 C:\xampp\htdocs\oee-module\app\Models\Settings_Model.php(452): CodeIgniter\Database\BaseBuilder->get()
#3 C:\xampp\htdocs\oee-module\app\Controllers\Settings_controller.php(409): App\Models\Settings_Model->getGoalsFinancialData()
#4 C:\xampp\htdocs\oee-module\system\CodeIgniter.php(825): App\Controllers\Settings_controller->getGoalsFinancialData()
#5 C:\xampp\htdocs\oee-module\system\CodeIgniter.php(412): CodeIgniter\CodeIgniter->runController(Object(App\Controllers\Settings_controller))
#6 C:\xampp\htdocs\oee-module\system\CodeIgniter.php(320): CodeIgniter\CodeIgniter->handleRequest(NULL, Object(Config\Cache), false)
#7 C:\xampp\htdocs\oee-module\index.php(37): CodeIgniter\CodeIgniter->run()
#8 {main}
ERROR - 2022-06-23 04:22:32 --> Error connecting to the database: Unknown database 'dub'
CRITICAL - 2022-06-23 04:22:32 --> Unable to connect to the database.
Main connection [MySQLi]: Unknown database 'dub'
#0 C:\xampp\htdocs\oee-module\system\Database\BaseConnection.php(577): CodeIgniter\Database\BaseConnection->initialize()
#1 C:\xampp\htdocs\oee-module\system\Database\BaseBuilder.php(1455): CodeIgniter\Database\BaseConnection->query('SELECT `rs`.*, ...', Array, false)
#2 C:\xampp\htdocs\oee-module\app\Models\Settings_Model.php(669): CodeIgniter\Database\BaseBuilder->get()
#3 C:\xampp\htdocs\oee-module\app\Controllers\Settings_controller.php(620): App\Models\Settings_Model->getQualityData()
#4 C:\xampp\htdocs\oee-module\system\CodeIgniter.php(825): App\Controllers\Settings_controller->getQualityData()
#5 C:\xampp\htdocs\oee-module\system\CodeIgniter.php(412): CodeIgniter\CodeIgniter->runController(Object(App\Controllers\Settings_controller))
#6 C:\xampp\htdocs\oee-module\system\CodeIgniter.php(320): CodeIgniter\CodeIgniter->handleRequest(NULL, Object(Config\Cache), false)
#7 C:\xampp\htdocs\oee-module\index.php(37): CodeIgniter\CodeIgniter->run()
#8 {main}
ERROR - 2022-06-23 04:22:32 --> Error connecting to the database: Unknown database 'dub'
CRITICAL - 2022-06-23 04:22:32 --> Unable to connect to the database.
Main connection [MySQLi]: Unknown database 'dub'
#0 C:\xampp\htdocs\oee-module\system\Database\BaseConnection.php(577): CodeIgniter\Database\BaseConnection->initialize()
#1 C:\xampp\htdocs\oee-module\system\Database\BaseBuilder.php(1455): CodeIgniter\Database\BaseConnection->query('SELECT *\nFROM `...', Array, false)
#2 C:\xampp\htdocs\oee-module\app\Models\Settings_Model.php(632): CodeIgniter\Database\BaseBuilder->get()
#3 C:\xampp\htdocs\oee-module\app\Controllers\Settings_controller.php(604): App\Models\Settings_Model->getDowntimeTData()
#4 C:\xampp\htdocs\oee-module\system\CodeIgniter.php(825): App\Controllers\Settings_controller->getDowntimeTData()
#5 C:\xampp\htdocs\oee-module\system\CodeIgniter.php(412): CodeIgniter\CodeIgniter->runController(Object(App\Controllers\Settings_controller))
#6 C:\xampp\htdocs\oee-module\system\CodeIgniter.php(320): CodeIgniter\CodeIgniter->handleRequest(NULL, Object(Config\Cache), false)
#7 C:\xampp\htdocs\oee-module\index.php(37): CodeIgniter\CodeIgniter->run()
#8 {main}
ERROR - 2022-06-23 04:22:33 --> Error connecting to the database: Unknown database 'dub'
CRITICAL - 2022-06-23 04:22:33 --> Unable to connect to the database.
Main connection [MySQLi]: Unknown database 'dub'
#0 C:\xampp\htdocs\oee-module\system\Database\BaseConnection.php(577): CodeIgniter\Database\BaseConnection->initialize()
#1 C:\xampp\htdocs\oee-module\system\Database\BaseBuilder.php(1455): CodeIgniter\Database\BaseConnection->query('SELECT *\nFROM `...', Array, false)
#2 C:\xampp\htdocs\oee-module\app\Models\Settings_Model.php(744): CodeIgniter\Database\BaseBuilder->get()
#3 C:\xampp\htdocs\oee-module\app\Controllers\Settings_controller.php(681): App\Models\Settings_Model->current_shift_retrive_data()
#4 C:\xampp\htdocs\oee-module\system\CodeIgniter.php(825): App\Controllers\Settings_controller->current_shift_retrive()
#5 C:\xampp\htdocs\oee-module\system\CodeIgniter.php(412): CodeIgniter\CodeIgniter->runController(Object(App\Controllers\Settings_controller))
#6 C:\xampp\htdocs\oee-module\system\CodeIgniter.php(320): CodeIgniter\CodeIgniter->handleRequest(NULL, Object(Config\Cache), false)
#7 C:\xampp\htdocs\oee-module\index.php(37): CodeIgniter\CodeIgniter->run()
#8 {main}
ERROR - 2022-06-23 04:24:06 --> Error connecting to the database: Unknown database 'dub'
CRITICAL - 2022-06-23 04:24:06 --> Unable to connect to the database.
Main connection [MySQLi]: Unknown database 'dub'
#0 C:\xampp\htdocs\oee-module\system\Database\BaseConnection.php(577): CodeIgniter\Database\BaseConnection->initialize()
#1 C:\xampp\htdocs\oee-module\system\Database\BaseBuilder.php(1539): CodeIgniter\Database\BaseConnection->query('SELECT COUNT(*)...', Array, false)
#2 C:\xampp\htdocs\oee-module\app\Models\Settings_Model.php(188): CodeIgniter\Database\BaseBuilder->countAllResults()
#3 C:\xampp\htdocs\oee-module\app\Controllers\Settings_controller.php(160): App\Models\Settings_Model->aIaMachine()
#4 C:\xampp\htdocs\oee-module\system\CodeIgniter.php(825): App\Controllers\Settings_controller->aIaMachine()
#5 C:\xampp\htdocs\oee-module\system\CodeIgniter.php(412): CodeIgniter\CodeIgniter->runController(Object(App\Controllers\Settings_controller))
#6 C:\xampp\htdocs\oee-module\system\CodeIgniter.php(320): CodeIgniter\CodeIgniter->handleRequest(NULL, Object(Config\Cache), false)
#7 C:\xampp\htdocs\oee-module\index.php(37): CodeIgniter\CodeIgniter->run()
#8 {main}
ERROR - 2022-06-23 04:24:30 --> Error connecting to the database: Unknown database 'dub'
CRITICAL - 2022-06-23 04:24:30 --> Unable to connect to the database.
Main connection [MySQLi]: Unknown database 'dub'
#0 C:\xampp\htdocs\oee-module\system\Database\BaseConnection.php(577): CodeIgniter\Database\BaseConnection->initialize()
#1 C:\xampp\htdocs\oee-module\system\Database\BaseBuilder.php(1455): CodeIgniter\Database\BaseConnection->query('SELECT DISTINCT...', Array, false)
#2 C:\xampp\htdocs\oee-module\app\Models\PDM_Model.php(45): CodeIgniter\Database\BaseBuilder->get()
#3 C:\xampp\htdocs\oee-module\app\Controllers\PDM_controller.php(101): App\Models\PDM_Model->getRejectionPart()
#4 C:\xampp\htdocs\oee-module\system\CodeIgniter.php(825): App\Controllers\PDM_controller->getRejectionPart()
#5 C:\xampp\htdocs\oee-module\system\CodeIgniter.php(412): CodeIgniter\CodeIgniter->runController(Object(App\Controllers\PDM_controller))
#6 C:\xampp\htdocs\oee-module\system\CodeIgniter.php(320): CodeIgniter\CodeIgniter->handleRequest(NULL, Object(Config\Cache), false)
#7 C:\xampp\htdocs\oee-module\index.php(37): CodeIgniter\CodeIgniter->run()
#8 {main}
ERROR - 2022-06-23 04:24:47 --> Error connecting to the database: Unknown database 'dub'
CRITICAL - 2022-06-23 04:24:47 --> Unable to connect to the database.
Main connection [MySQLi]: Unknown database 'dub'
#0 C:\xampp\htdocs\oee-module\system\Database\BaseConnection.php(577): CodeIgniter\Database\BaseConnection->initialize()
#1 C:\xampp\htdocs\oee-module\system\Database\BaseBuilder.php(1455): CodeIgniter\Database\BaseConnection->query('SELECT DISTINCT...', Array, false)
#2 C:\xampp\htdocs\oee-module\app\Models\PDM_Model.php(45): CodeIgniter\Database\BaseBuilder->get()
#3 C:\xampp\htdocs\oee-module\app\Controllers\PDM_controller.php(101): App\Models\PDM_Model->getRejectionPart()
#4 C:\xampp\htdocs\oee-module\system\CodeIgniter.php(825): App\Controllers\PDM_controller->getRejectionPart()
#5 C:\xampp\htdocs\oee-module\system\CodeIgniter.php(412): CodeIgniter\CodeIgniter->runController(Object(App\Controllers\PDM_controller))
#6 C:\xampp\htdocs\oee-module\system\CodeIgniter.php(320): CodeIgniter\CodeIgniter->handleRequest(NULL, Object(Config\Cache), false)
#7 C:\xampp\htdocs\oee-module\index.php(37): CodeIgniter\CodeIgniter->run()
#8 {main}
ERROR - 2022-06-23 04:25:01 --> Error connecting to the database: Unknown database 'dub'
CRITICAL - 2022-06-23 04:25:01 --> Unable to connect to the database.
Main connection [MySQLi]: Unknown database 'dub'
#0 C:\xampp\htdocs\oee-module\system\Database\BaseConnection.php(577): CodeIgniter\Database\BaseConnection->initialize()
#1 C:\xampp\htdocs\oee-module\system\Database\BaseBuilder.php(1539): CodeIgniter\Database\BaseConnection->query('SELECT COUNT(*)...', Array, false)
#2 C:\xampp\htdocs\oee-module\app\Models\Settings_Model.php(188): CodeIgniter\Database\BaseBuilder->countAllResults()
#3 C:\xampp\htdocs\oee-module\app\Controllers\Settings_controller.php(160): App\Models\Settings_Model->aIaMachine()
#4 C:\xampp\htdocs\oee-module\system\CodeIgniter.php(825): App\Controllers\Settings_controller->aIaMachine()
#5 C:\xampp\htdocs\oee-module\system\CodeIgniter.php(412): CodeIgniter\CodeIgniter->runController(Object(App\Controllers\Settings_controller))
#6 C:\xampp\htdocs\oee-module\system\CodeIgniter.php(320): CodeIgniter\CodeIgniter->handleRequest(NULL, Object(Config\Cache), false)
#7 C:\xampp\htdocs\oee-module\index.php(37): CodeIgniter\CodeIgniter->run()
#8 {main}
ERROR - 2022-06-23 04:25:45 --> Error connecting to the database: Unknown database 'dub'
CRITICAL - 2022-06-23 04:25:45 --> Unable to connect to the database.
Main connection [MySQLi]: Unknown database 'dub'
#0 C:\xampp\htdocs\oee-module\system\Database\BaseConnection.php(577): CodeIgniter\Database\BaseConnection->initialize()
#1 C:\xampp\htdocs\oee-module\system\Database\BaseBuilder.php(1539): CodeIgniter\Database\BaseConnection->query('SELECT COUNT(*)...', Array, false)
#2 C:\xampp\htdocs\oee-module\app\Models\Settings_Model.php(188): CodeIgniter\Database\BaseBuilder->countAllResults()
#3 C:\xampp\htdocs\oee-module\app\Controllers\Settings_controller.php(160): App\Models\Settings_Model->aIaMachine()
#4 C:\xampp\htdocs\oee-module\system\CodeIgniter.php(825): App\Controllers\Settings_controller->aIaMachine()
#5 C:\xampp\htdocs\oee-module\system\CodeIgniter.php(412): CodeIgniter\CodeIgniter->runController(Object(App\Controllers\Settings_controller))
#6 C:\xampp\htdocs\oee-module\system\CodeIgniter.php(320): CodeIgniter\CodeIgniter->handleRequest(NULL, Object(Config\Cache), false)
#7 C:\xampp\htdocs\oee-module\index.php(37): CodeIgniter\CodeIgniter->run()
#8 {main}
ERROR - 2022-06-23 04:27:08 --> Error connecting to the database: Unknown database 'dub'
CRITICAL - 2022-06-23 04:27:08 --> Unable to connect to the database.
Main connection [MySQLi]: Unknown database 'dub'
#0 C:\xampp\htdocs\oee-module\system\Database\BaseConnection.php(577): CodeIgniter\Database\BaseConnection->initialize()
#1 C:\xampp\htdocs\oee-module\system\Database\BaseBuilder.php(1539): CodeIgniter\Database\BaseConnection->query('SELECT COUNT(*)...', Array, false)
#2 C:\xampp\htdocs\oee-module\app\Models\Settings_Model.php(188): CodeIgniter\Database\BaseBuilder->countAllResults()
#3 C:\xampp\htdocs\oee-module\app\Controllers\Settings_controller.php(160): App\Models\Settings_Model->aIaMachine()
#4 C:\xampp\htdocs\oee-module\system\CodeIgniter.php(825): App\Controllers\Settings_controller->aIaMachine()
#5 C:\xampp\htdocs\oee-module\system\CodeIgniter.php(412): CodeIgniter\CodeIgniter->runController(Object(App\Controllers\Settings_controller))
#6 C:\xampp\htdocs\oee-module\system\CodeIgniter.php(320): CodeIgniter\CodeIgniter->handleRequest(NULL, Object(Config\Cache), false)
#7 C:\xampp\htdocs\oee-module\index.php(37): CodeIgniter\CodeIgniter->run()
#8 {main}
ERROR - 2022-06-23 04:29:43 --> Error connecting to the database: Unknown database 'dub'
CRITICAL - 2022-06-23 04:29:43 --> Unable to connect to the database.
Main connection [MySQLi]: Unknown database 'dub'
#0 C:\xampp\htdocs\oee-module\system\Database\BaseConnection.php(577): CodeIgniter\Database\BaseConnection->initialize()
#1 C:\xampp\htdocs\oee-module\system\Database\BaseBuilder.php(1539): CodeIgniter\Database\BaseConnection->query('SELECT COUNT(*)...', Array, false)
#2 C:\xampp\htdocs\oee-module\app\Models\Settings_Model.php(188): CodeIgniter\Database\BaseBuilder->countAllResults()
#3 C:\xampp\htdocs\oee-module\app\Controllers\Settings_controller.php(160): App\Models\Settings_Model->aIaMachine()
#4 C:\xampp\htdocs\oee-module\system\CodeIgniter.php(825): App\Controllers\Settings_controller->aIaMachine()
#5 C:\xampp\htdocs\oee-module\system\CodeIgniter.php(412): CodeIgniter\CodeIgniter->runController(Object(App\Controllers\Settings_controller))
#6 C:\xampp\htdocs\oee-module\system\CodeIgniter.php(320): CodeIgniter\CodeIgniter->handleRequest(NULL, Object(Config\Cache), false)
#7 C:\xampp\htdocs\oee-module\index.php(37): CodeIgniter\CodeIgniter->run()
#8 {main}
ERROR - 2022-06-23 04:32:08 --> Error connecting to the database: Unknown database 'dub'
CRITICAL - 2022-06-23 04:32:08 --> Unable to connect to the database.
Main connection [MySQLi]: Unknown database 'dub'
#0 C:\xampp\htdocs\oee-module\system\Database\BaseConnection.php(577): CodeIgniter\Database\BaseConnection->initialize()
#1 C:\xampp\htdocs\oee-module\system\Database\BaseBuilder.php(1539): CodeIgniter\Database\BaseConnection->query('SELECT COUNT(*)...', Array, false)
#2 C:\xampp\htdocs\oee-module\app\Models\Settings_Model.php(188): CodeIgniter\Database\BaseBuilder->countAllResults()
#3 C:\xampp\htdocs\oee-module\app\Controllers\Settings_controller.php(160): App\Models\Settings_Model->aIaMachine()
#4 C:\xampp\htdocs\oee-module\system\CodeIgniter.php(825): App\Controllers\Settings_controller->aIaMachine()
#5 C:\xampp\htdocs\oee-module\system\CodeIgniter.php(412): CodeIgniter\CodeIgniter->runController(Object(App\Controllers\Settings_controller))
#6 C:\xampp\htdocs\oee-module\system\CodeIgniter.php(320): CodeIgniter\CodeIgniter->handleRequest(NULL, Object(Config\Cache), false)
#7 C:\xampp\htdocs\oee-module\index.php(37): CodeIgniter\CodeIgniter->run()
#8 {main}
ERROR - 2022-06-23 04:32:51 --> Error connecting to the database: Unknown database 'dub'
CRITICAL - 2022-06-23 04:32:51 --> Unable to connect to the database.
Main connection [MySQLi]: Unknown database 'dub'
#0 C:\xampp\htdocs\oee-module\system\Database\BaseConnection.php(577): CodeIgniter\Database\BaseConnection->initialize()
#1 C:\xampp\htdocs\oee-module\system\Database\BaseBuilder.php(1539): CodeIgniter\Database\BaseConnection->query('SELECT COUNT(*)...', Array, false)
#2 C:\xampp\htdocs\oee-module\app\Models\Settings_Model.php(188): CodeIgniter\Database\BaseBuilder->countAllResults()
#3 C:\xampp\htdocs\oee-module\app\Controllers\Settings_controller.php(160): App\Models\Settings_Model->aIaMachine()
#4 C:\xampp\htdocs\oee-module\system\CodeIgniter.php(825): App\Controllers\Settings_controller->aIaMachine()
#5 C:\xampp\htdocs\oee-module\system\CodeIgniter.php(412): CodeIgniter\CodeIgniter->runController(Object(App\Controllers\Settings_controller))
#6 C:\xampp\htdocs\oee-module\system\CodeIgniter.php(320): CodeIgniter\CodeIgniter->handleRequest(NULL, Object(Config\Cache), false)
#7 C:\xampp\htdocs\oee-module\index.php(37): CodeIgniter\CodeIgniter->run()
#8 {main}
ERROR - 2022-06-23 04:39:24 --> Error connecting to the database: Unknown database 'dub'
CRITICAL - 2022-06-23 04:39:24 --> Unable to connect to the database.
Main connection [MySQLi]: Unknown database 'dub'
#0 C:\xampp\htdocs\oee-module\system\Database\BaseConnection.php(577): CodeIgniter\Database\BaseConnection->initialize()
#1 C:\xampp\htdocs\oee-module\system\Database\BaseBuilder.php(1455): CodeIgniter\Database\BaseConnection->query('SELECT DISTINCT...', Array, false)
#2 C:\xampp\htdocs\oee-module\app\Models\PDM_Model.php(45): CodeIgniter\Database\BaseBuilder->get()
#3 C:\xampp\htdocs\oee-module\app\Controllers\PDM_controller.php(101): App\Models\PDM_Model->getRejectionPart()
#4 C:\xampp\htdocs\oee-module\system\CodeIgniter.php(825): App\Controllers\PDM_controller->getRejectionPart()
#5 C:\xampp\htdocs\oee-module\system\CodeIgniter.php(412): CodeIgniter\CodeIgniter->runController(Object(App\Controllers\PDM_controller))
#6 C:\xampp\htdocs\oee-module\system\CodeIgniter.php(320): CodeIgniter\CodeIgniter->handleRequest(NULL, Object(Config\Cache), false)
#7 C:\xampp\htdocs\oee-module\index.php(37): CodeIgniter\CodeIgniter->run()
#8 {main}
ERROR - 2022-06-23 05:53:01 --> You have an error in your SQL syntax; check the manual that corresponds to your MariaDB server version for the right syntax to use near '=1' at line 1
CRITICAL - 2022-06-23 05:53:01 --> Call to a member function get() on bool
#0 C:\xampp\htdocs\oee-module\app\Controllers\Home.php(4369): App\Models\MainModel->getShiftExact('2022-05-06')
#1 C:\xampp\htdocs\oee-module\system\CodeIgniter.php(825): App\Controllers\Home->convertMachineData()
#2 C:\xampp\htdocs\oee-module\system\CodeIgniter.php(412): CodeIgniter\CodeIgniter->runController(Object(App\Controllers\Home))
#3 C:\xampp\htdocs\oee-module\system\CodeIgniter.php(320): CodeIgniter\CodeIgniter->handleRequest(NULL, Object(Config\Cache), false)
#4 C:\xampp\htdocs\oee-module\index.php(37): CodeIgniter\CodeIgniter->run()
#5 {main}
ERROR - 2022-06-23 05:53:35 --> You have an error in your SQL syntax; check the manual that corresponds to your MariaDB server version for the right syntax to use near '=1' at line 1
CRITICAL - 2022-06-23 05:53:35 --> Call to a member function getResultArray() on bool
#0 C:\xampp\htdocs\oee-module\app\Controllers\Home.php(4369): App\Models\MainModel->getShiftExact('2022-05-06')
#1 C:\xampp\htdocs\oee-module\system\CodeIgniter.php(825): App\Controllers\Home->convertMachineData()
#2 C:\xampp\htdocs\oee-module\system\CodeIgniter.php(412): CodeIgniter\CodeIgniter->runController(Object(App\Controllers\Home))
#3 C:\xampp\htdocs\oee-module\system\CodeIgniter.php(320): CodeIgniter\CodeIgniter->handleRequest(NULL, Object(Config\Cache), false)
#4 C:\xampp\htdocs\oee-module\index.php(37): CodeIgniter\CodeIgniter->run()
#5 {main}
CRITICAL - 2022-06-23 05:56:05 --> Undefined array key 0
#0 C:\xampp\htdocs\oee-module\app\Models\MainModel.php(1674): CodeIgniter\Debug\Exceptions->errorHandler(2, 'Undefined array...', 'C:\\xampp\\htdocs...', 1674)
#1 C:\xampp\htdocs\oee-module\app\Controllers\Home.php(4369): App\Models\MainModel->getShiftExact('2022-05-06')
#2 C:\xampp\htdocs\oee-module\system\CodeIgniter.php(825): App\Controllers\Home->convertMachineData()
#3 C:\xampp\htdocs\oee-module\system\CodeIgniter.php(412): CodeIgniter\CodeIgniter->runController(Object(App\Controllers\Home))
#4 C:\xampp\htdocs\oee-module\system\CodeIgniter.php(320): CodeIgniter\CodeIgniter->handleRequest(NULL, Object(Config\Cache), false)
#5 C:\xampp\htdocs\oee-module\index.php(37): CodeIgniter\CodeIgniter->run()
#6 {main}
ERROR - 2022-06-23 05:59:28 --> You have an error in your SQL syntax; check the manual that corresponds to your MariaDB server version for the right syntax to use near '<='2022-06-20' ORDER BY `last_updated_on` DESC limit 1' at line 1
CRITICAL - 2022-06-23 05:59:28 --> Call to a member function getResultArray() on bool
#0 C:\xampp\htdocs\oee-module\app\Controllers\Home.php(4369): App\Models\MainModel->getShiftExact('2022-05-06')
#1 C:\xampp\htdocs\oee-module\system\CodeIgniter.php(825): App\Controllers\Home->convertMachineData()
#2 C:\xampp\htdocs\oee-module\system\CodeIgniter.php(412): CodeIgniter\CodeIgniter->runController(Object(App\Controllers\Home))
#3 C:\xampp\htdocs\oee-module\system\CodeIgniter.php(320): CodeIgniter\CodeIgniter->handleRequest(NULL, Object(Config\Cache), false)
#4 C:\xampp\htdocs\oee-module\index.php(37): CodeIgniter\CodeIgniter->run()
#5 {main}
CRITICAL - 2022-06-23 05:59:50 --> Undefined array key 0
#0 C:\xampp\htdocs\oee-module\app\Models\MainModel.php(1674): CodeIgniter\Debug\Exceptions->errorHandler(2, 'Undefined array...', 'C:\\xampp\\htdocs...', 1674)
#1 C:\xampp\htdocs\oee-module\app\Controllers\Home.php(4369): App\Models\MainModel->getShiftExact('2022-05-06')
#2 C:\xampp\htdocs\oee-module\system\CodeIgniter.php(825): App\Controllers\Home->convertMachineData()
#3 C:\xampp\htdocs\oee-module\system\CodeIgniter.php(412): CodeIgniter\CodeIgniter->runController(Object(App\Controllers\Home))
#4 C:\xampp\htdocs\oee-module\system\CodeIgniter.php(320): CodeIgniter\CodeIgniter->handleRequest(NULL, Object(Config\Cache), false)
#5 C:\xampp\htdocs\oee-module\index.php(37): CodeIgniter\CodeIgniter->run()
#6 {main}
CRITICAL - 2022-06-23 05:59:59 --> Undefined array key 0
#0 C:\xampp\htdocs\oee-module\app\Models\MainModel.php(1674): CodeIgniter\Debug\Exceptions->errorHandler(2, 'Undefined array...', 'C:\\xampp\\htdocs...', 1674)
#1 C:\xampp\htdocs\oee-module\app\Controllers\Home.php(4369): App\Models\MainModel->getShiftExact('2022-05-06')
#2 C:\xampp\htdocs\oee-module\system\CodeIgniter.php(825): App\Controllers\Home->convertMachineData()
#3 C:\xampp\htdocs\oee-module\system\CodeIgniter.php(412): CodeIgniter\CodeIgniter->runController(Object(App\Controllers\Home))
#4 C:\xampp\htdocs\oee-module\system\CodeIgniter.php(320): CodeIgniter\CodeIgniter->handleRequest(NULL, Object(Config\Cache), false)
#5 C:\xampp\htdocs\oee-module\index.php(37): CodeIgniter\CodeIgniter->run()
#6 {main}
CRITICAL - 2022-06-23 06:04:11 --> Undefined array key 0
#0 C:\xampp\htdocs\oee-module\app\Models\MainModel.php(1674): CodeIgniter\Debug\Exceptions->errorHandler(2, 'Undefined array...', 'C:\\xampp\\htdocs...', 1674)
#1 C:\xampp\htdocs\oee-module\app\Controllers\Home.php(4369): App\Models\MainModel->getShiftExact('2022-05-06')
#2 C:\xampp\htdocs\oee-module\system\CodeIgniter.php(825): App\Controllers\Home->convertMachineData()
#3 C:\xampp\htdocs\oee-module\system\CodeIgniter.php(412): CodeIgniter\CodeIgniter->runController(Object(App\Controllers\Home))
#4 C:\xampp\htdocs\oee-module\system\CodeIgniter.php(320): CodeIgniter\CodeIgniter->handleRequest(NULL, Object(Config\Cache), false)
#5 C:\xampp\htdocs\oee-module\index.php(37): CodeIgniter\CodeIgniter->run()
#6 {main}
CRITICAL - 2022-06-23 06:04:16 --> Undefined array key 0
#0 C:\xampp\htdocs\oee-module\app\Models\MainModel.php(1674): CodeIgniter\Debug\Exceptions->errorHandler(2, 'Undefined array...', 'C:\\xampp\\htdocs...', 1674)
#1 C:\xampp\htdocs\oee-module\app\Controllers\Home.php(4369): App\Models\MainModel->getShiftExact('2022-05-06')
#2 C:\xampp\htdocs\oee-module\system\CodeIgniter.php(825): App\Controllers\Home->convertMachineData()
#3 C:\xampp\htdocs\oee-module\system\CodeIgniter.php(412): CodeIgniter\CodeIgniter->runController(Object(App\Controllers\Home))
#4 C:\xampp\htdocs\oee-module\system\CodeIgniter.php(320): CodeIgniter\CodeIgniter->handleRequest(NULL, Object(Config\Cache), false)
#5 C:\xampp\htdocs\oee-module\index.php(37): CodeIgniter\CodeIgniter->run()
#6 {main}
CRITICAL - 2022-06-23 06:09:39 --> Undefined array key 0
#0 C:\xampp\htdocs\oee-module\app\Models\MainModel.php(1674): CodeIgniter\Debug\Exceptions->errorHandler(2, 'Undefined array...', 'C:\\xampp\\htdocs...', 1674)
#1 C:\xampp\htdocs\oee-module\app\Controllers\Home.php(4369): App\Models\MainModel->getShiftExact('2022-05-06')
#2 C:\xampp\htdocs\oee-module\system\CodeIgniter.php(825): App\Controllers\Home->convertMachineData()
#3 C:\xampp\htdocs\oee-module\system\CodeIgniter.php(412): CodeIgniter\CodeIgniter->runController(Object(App\Controllers\Home))
#4 C:\xampp\htdocs\oee-module\system\CodeIgniter.php(320): CodeIgniter\CodeIgniter->handleRequest(NULL, Object(Config\Cache), false)
#5 C:\xampp\htdocs\oee-module\index.php(37): CodeIgniter\CodeIgniter->run()
#6 {main}
CRITICAL - 2022-06-23 06:13:55 --> Call to undefined method CodeIgniter\Database\MySQLi\Builder::getResultArray()
#0 C:\xampp\htdocs\oee-module\app\Controllers\Home.php(4369): App\Models\MainModel->getShiftExact('2022-05-06')
#1 C:\xampp\htdocs\oee-module\system\CodeIgniter.php(825): App\Controllers\Home->convertMachineData()
#2 C:\xampp\htdocs\oee-module\system\CodeIgniter.php(412): CodeIgniter\CodeIgniter->runController(Object(App\Controllers\Home))
#3 C:\xampp\htdocs\oee-module\system\CodeIgniter.php(320): CodeIgniter\CodeIgniter->handleRequest(NULL, Object(Config\Cache), false)
#4 C:\xampp\htdocs\oee-module\index.php(37): CodeIgniter\CodeIgniter->run()
#5 {main}
CRITICAL - 2022-06-23 06:14:17 --> Call to undefined method CodeIgniter\Database\MySQLi\Builder::getResultArray()
#0 C:\xampp\htdocs\oee-module\app\Controllers\Home.php(4369): App\Models\MainModel->getShiftExact('2022-05-06')
#1 C:\xampp\htdocs\oee-module\system\CodeIgniter.php(825): App\Controllers\Home->convertMachineData()
#2 C:\xampp\htdocs\oee-module\system\CodeIgniter.php(412): CodeIgniter\CodeIgniter->runController(Object(App\Controllers\Home))
#3 C:\xampp\htdocs\oee-module\system\CodeIgniter.php(320): CodeIgniter\CodeIgniter->handleRequest(NULL, Object(Config\Cache), false)
#4 C:\xampp\htdocs\oee-module\index.php(37): CodeIgniter\CodeIgniter->run()
#5 {main}
CRITICAL - 2022-06-23 06:15:22 --> Undefined array key 0
#0 C:\xampp\htdocs\oee-module\app\Models\MainModel.php(1676): CodeIgniter\Debug\Exceptions->errorHandler(2, 'Undefined array...', 'C:\\xampp\\htdocs...', 1676)
#1 C:\xampp\htdocs\oee-module\app\Controllers\Home.php(4369): App\Models\MainModel->getShiftExact('2022-05-06')
#2 C:\xampp\htdocs\oee-module\system\CodeIgniter.php(825): App\Controllers\Home->convertMachineData()
#3 C:\xampp\htdocs\oee-module\system\CodeIgniter.php(412): CodeIgniter\CodeIgniter->runController(Object(App\Controllers\Home))
#4 C:\xampp\htdocs\oee-module\system\CodeIgniter.php(320): CodeIgniter\CodeIgniter->handleRequest(NULL, Object(Config\Cache), false)
#5 C:\xampp\htdocs\oee-module\index.php(37): CodeIgniter\CodeIgniter->run()
#6 {main}
CRITICAL - 2022-06-23 06:16:03 --> Undefined array key 0
#0 C:\xampp\htdocs\oee-module\app\Models\MainModel.php(1672): CodeIgniter\Debug\Exceptions->errorHandler(2, 'Undefined array...', 'C:\\xampp\\htdocs...', 1672)
#1 C:\xampp\htdocs\oee-module\app\Controllers\Home.php(4369): App\Models\MainModel->getShiftExact('2022-05-06')
#2 C:\xampp\htdocs\oee-module\system\CodeIgniter.php(825): App\Controllers\Home->convertMachineData()
#3 C:\xampp\htdocs\oee-module\system\CodeIgniter.php(412): CodeIgniter\CodeIgniter->runController(Object(App\Controllers\Home))
#4 C:\xampp\htdocs\oee-module\system\CodeIgniter.php(320): CodeIgniter\CodeIgniter->handleRequest(NULL, Object(Config\Cache), false)
#5 C:\xampp\htdocs\oee-module\index.php(37): CodeIgniter\CodeIgniter->run()
#6 {main}
CRITICAL - 2022-06-23 06:17:05 --> Undefined array key 0
#0 C:\xampp\htdocs\oee-module\app\Models\MainModel.php(1672): CodeIgniter\Debug\Exceptions->errorHandler(2, 'Undefined array...', 'C:\\xampp\\htdocs...', 1672)
#1 C:\xampp\htdocs\oee-module\app\Controllers\Home.php(4369): App\Models\MainModel->getShiftExact('2022-05-06')
#2 C:\xampp\htdocs\oee-module\system\CodeIgniter.php(825): App\Controllers\Home->convertMachineData()
#3 C:\xampp\htdocs\oee-module\system\CodeIgniter.php(412): CodeIgniter\CodeIgniter->runController(Object(App\Controllers\Home))
#4 C:\xampp\htdocs\oee-module\system\CodeIgniter.php(320): CodeIgniter\CodeIgniter->handleRequest(NULL, Object(Config\Cache), false)
#5 C:\xampp\htdocs\oee-module\index.php(37): CodeIgniter\CodeIgniter->run()
#6 {main}
CRITICAL - 2022-06-23 06:52:51 --> syntax error, unexpected token "public"
#0 C:\xampp\htdocs\oee-module\system\Router\Router.php(175): CodeIgniter\Router\Router->autoRoute('/Home/convertMa...')
#1 C:\xampp\htdocs\oee-module\system\CodeIgniter.php(719): CodeIgniter\Router\Router->handle('/Home/convertMa...')
#2 C:\xampp\htdocs\oee-module\system\CodeIgniter.php(361): CodeIgniter\CodeIgniter->tryToRouteIt(Object(CodeIgniter\Router\RouteCollection))
#3 C:\xampp\htdocs\oee-module\system\CodeIgniter.php(320): CodeIgniter\CodeIgniter->handleRequest(NULL, Object(Config\Cache), false)
#4 C:\xampp\htdocs\oee-module\index.php(37): CodeIgniter\CodeIgniter->run()
#5 {main}
CRITICAL - 2022-06-23 06:59:36 --> Undefined variable $shift_date
#0 C:\xampp\htdocs\oee-module\app\Controllers\Home.php(4390): CodeIgniter\Debug\Exceptions->errorHandler(2, 'Undefined varia...', 'C:\\xampp\\htdocs...', 4390)
#1 C:\xampp\htdocs\oee-module\system\CodeIgniter.php(825): App\Controllers\Home->convertMachineData()
#2 C:\xampp\htdocs\oee-module\system\CodeIgniter.php(412): CodeIgniter\CodeIgniter->runController(Object(App\Controllers\Home))
#3 C:\xampp\htdocs\oee-module\system\CodeIgniter.php(320): CodeIgniter\CodeIgniter->handleRequest(NULL, Object(Config\Cache), false)
#4 C:\xampp\htdocs\oee-module\index.php(37): CodeIgniter\CodeIgniter->run()
#5 {main}
CRITICAL - 2022-06-23 06:59:51 --> Undefined variable $shift_date
#0 C:\xampp\htdocs\oee-module\app\Controllers\Home.php(4389): CodeIgniter\Debug\Exceptions->errorHandler(2, 'Undefined varia...', 'C:\\xampp\\htdocs...', 4389)
#1 C:\xampp\htdocs\oee-module\system\CodeIgniter.php(825): App\Controllers\Home->convertMachineData()
#2 C:\xampp\htdocs\oee-module\system\CodeIgniter.php(412): CodeIgniter\CodeIgniter->runController(Object(App\Controllers\Home))
#3 C:\xampp\htdocs\oee-module\system\CodeIgniter.php(320): CodeIgniter\CodeIgniter->handleRequest(NULL, Object(Config\Cache), false)
#4 C:\xampp\htdocs\oee-module\index.php(37): CodeIgniter\CodeIgniter->run()
#5 {main}
CRITICAL - 2022-06-23 07:55:09 --> syntax error, unexpected variable "$value", expecting "," or ";"
#0 C:\xampp\htdocs\oee-module\system\Router\Router.php(175): CodeIgniter\Router\Router->autoRoute('/Home/convertMa...')
#1 C:\xampp\htdocs\oee-module\system\CodeIgniter.php(719): CodeIgniter\Router\Router->handle('/Home/convertMa...')
#2 C:\xampp\htdocs\oee-module\system\CodeIgniter.php(361): CodeIgniter\CodeIgniter->tryToRouteIt(Object(CodeIgniter\Router\RouteCollection))
#3 C:\xampp\htdocs\oee-module\system\CodeIgniter.php(320): CodeIgniter\CodeIgniter->handleRequest(NULL, Object(Config\Cache), false)
#4 C:\xampp\htdocs\oee-module\index.php(37): CodeIgniter\CodeIgniter->run()
#5 {main}
CRITICAL - 2022-06-23 08:08:35 --> Maximum execution time of 120 seconds exceeded
#0 [internal function]: CodeIgniter\Debug\Exceptions->shutdownHandler()
#1 {main}
CRITICAL - 2022-06-23 08:17:10 --> Maximum execution time of 120 seconds exceeded
#0 [internal function]: CodeIgniter\Debug\Exceptions->shutdownHandler()
#1 {main}
ERROR - 2022-06-23 08:18:38 --> Unknown column 'last_modified_on' in 'order clause'
CRITICAL - 2022-06-23 08:18:38 --> Call to a member function getResultArray() on bool
#0 C:\xampp\htdocs\oee-module\app\Controllers\Financial_Metrics.php(17): App\Models\Financial_Model->getGoalsFinancialData()
#1 C:\xampp\htdocs\oee-module\system\CodeIgniter.php(825): App\Controllers\Financial_Metrics->getOverallTarget()
#2 C:\xampp\htdocs\oee-module\system\CodeIgniter.php(412): CodeIgniter\CodeIgniter->runController(Object(App\Controllers\Financial_Metrics))
#3 C:\xampp\htdocs\oee-module\system\CodeIgniter.php(320): CodeIgniter\CodeIgniter->handleRequest(NULL, Object(Config\Cache), false)
#4 C:\xampp\htdocs\oee-module\index.php(37): CodeIgniter\CodeIgniter->run()
#5 {main}
ERROR - 2022-06-23 08:42:04 --> Unknown column 'last_modified_on' in 'order clause'
CRITICAL - 2022-06-23 08:42:04 --> Call to a member function getResultArray() on bool
#0 C:\xampp\htdocs\oee-module\app\Controllers\Financial_Metrics.php(17): App\Models\Financial_Model->getGoalsFinancialData()
#1 C:\xampp\htdocs\oee-module\system\CodeIgniter.php(825): App\Controllers\Financial_Metrics->getOverallTarget()
#2 C:\xampp\htdocs\oee-module\system\CodeIgniter.php(412): CodeIgniter\CodeIgniter->runController(Object(App\Controllers\Financial_Metrics))
#3 C:\xampp\htdocs\oee-module\system\CodeIgniter.php(320): CodeIgniter\CodeIgniter->handleRequest(NULL, Object(Config\Cache), false)
#4 C:\xampp\htdocs\oee-module\index.php(37): CodeIgniter\CodeIgniter->run()
#5 {main}
CRITICAL - 2022-06-23 08:59:17 --> You must set the database table to be used with your query.
#0 C:\xampp\htdocs\oee-module\system\Model.php(545): CodeIgniter\Database\BaseConnection->table(NULL)
#1 C:\xampp\htdocs\oee-module\system\Model.php(722): CodeIgniter\Model->builder()
#2 C:\xampp\htdocs\oee-module\app\Controllers\Home.php(1755): CodeIgniter\Model->__call('findShiftExact', Array)
#3 C:\xampp\htdocs\oee-module\system\CodeIgniter.php(825): App\Controllers\Home->hourData()
#4 C:\xampp\htdocs\oee-module\system\CodeIgniter.php(412): CodeIgniter\CodeIgniter->runController(Object(App\Controllers\Home))
#5 C:\xampp\htdocs\oee-module\system\CodeIgniter.php(320): CodeIgniter\CodeIgniter->handleRequest(NULL, Object(Config\Cache), false)
#6 C:\xampp\htdocs\oee-module\index.php(37): CodeIgniter\CodeIgniter->run()
#7 {main}
CRITICAL - 2022-06-23 09:37:56 --> Undefined array key 2
#0 C:\xampp\htdocs\oee-module\app\Controllers\Home.php(1793): CodeIgniter\Debug\Exceptions->errorHandler(2, 'Undefined array...', 'C:\\xampp\\htdocs...', 1793)
#1 C:\xampp\htdocs\oee-module\system\CodeIgniter.php(825): App\Controllers\Home->hourData()
#2 C:\xampp\htdocs\oee-module\system\CodeIgniter.php(412): CodeIgniter\CodeIgniter->runController(Object(App\Controllers\Home))
#3 C:\xampp\htdocs\oee-module\system\CodeIgniter.php(320): CodeIgniter\CodeIgniter->handleRequest(NULL, Object(Config\Cache), false)
#4 C:\xampp\htdocs\oee-module\index.php(37): CodeIgniter\CodeIgniter->run()
#5 {main}
CRITICAL - 2022-06-23 09:38:38 --> Undefined array key 2
#0 C:\xampp\htdocs\oee-module\app\Controllers\Home.php(1793): CodeIgniter\Debug\Exceptions->errorHandler(2, 'Undefined array...', 'C:\\xampp\\htdocs...', 1793)
#1 C:\xampp\htdocs\oee-module\system\CodeIgniter.php(825): App\Controllers\Home->hourData()
#2 C:\xampp\htdocs\oee-module\system\CodeIgniter.php(412): CodeIgniter\CodeIgniter->runController(Object(App\Controllers\Home))
#3 C:\xampp\htdocs\oee-module\system\CodeIgniter.php(320): CodeIgniter\CodeIgniter->handleRequest(NULL, Object(Config\Cache), false)
#4 C:\xampp\htdocs\oee-module\index.php(37): CodeIgniter\CodeIgniter->run()
#5 {main}
CRITICAL - 2022-06-23 09:39:15 --> Undefined array key 2
#0 C:\xampp\htdocs\oee-module\app\Controllers\Home.php(1793): CodeIgniter\Debug\Exceptions->errorHandler(2, 'Undefined array...', 'C:\\xampp\\htdocs...', 1793)
#1 C:\xampp\htdocs\oee-module\system\CodeIgniter.php(825): App\Controllers\Home->hourData()
#2 C:\xampp\htdocs\oee-module\system\CodeIgniter.php(412): CodeIgniter\CodeIgniter->runController(Object(App\Controllers\Home))
#3 C:\xampp\htdocs\oee-module\system\CodeIgniter.php(320): CodeIgniter\CodeIgniter->handleRequest(NULL, Object(Config\Cache), false)
#4 C:\xampp\htdocs\oee-module\index.php(37): CodeIgniter\CodeIgniter->run()
#5 {main}
CRITICAL - 2022-06-23 09:40:04 --> Undefined array key 1
#0 C:\xampp\htdocs\oee-module\app\Controllers\Home.php(1793): CodeIgniter\Debug\Exceptions->errorHandler(2, 'Undefined array...', 'C:\\xampp\\htdocs...', 1793)
#1 C:\xampp\htdocs\oee-module\system\CodeIgniter.php(825): App\Controllers\Home->hourData()
#2 C:\xampp\htdocs\oee-module\system\CodeIgniter.php(412): CodeIgniter\CodeIgniter->runController(Object(App\Controllers\Home))
#3 C:\xampp\htdocs\oee-module\system\CodeIgniter.php(320): CodeIgniter\CodeIgniter->handleRequest(NULL, Object(Config\Cache), false)
#4 C:\xampp\htdocs\oee-module\index.php(37): CodeIgniter\CodeIgniter->run()
#5 {main}
CRITICAL - 2022-06-23 09:41:04 --> Undefined array key 1
#0 C:\xampp\htdocs\oee-module\app\Controllers\Home.php(1794): CodeIgniter\Debug\Exceptions->errorHandler(2, 'Undefined array...', 'C:\\xampp\\htdocs...', 1794)
#1 C:\xampp\htdocs\oee-module\system\CodeIgniter.php(825): App\Controllers\Home->hourData()
#2 C:\xampp\htdocs\oee-module\system\CodeIgniter.php(412): CodeIgniter\CodeIgniter->runController(Object(App\Controllers\Home))
#3 C:\xampp\htdocs\oee-module\system\CodeIgniter.php(320): CodeIgniter\CodeIgniter->handleRequest(NULL, Object(Config\Cache), false)
#4 C:\xampp\htdocs\oee-module\index.php(37): CodeIgniter\CodeIgniter->run()
#5 {main}
CRITICAL - 2022-06-23 09:42:15 --> Unsupported operand types: array + int
#0 C:\xampp\htdocs\oee-module\system\CodeIgniter.php(825): App\Controllers\Home->hourData()
#1 C:\xampp\htdocs\oee-module\system\CodeIgniter.php(412): CodeIgniter\CodeIgniter->runController(Object(App\Controllers\Home))
#2 C:\xampp\htdocs\oee-module\system\CodeIgniter.php(320): CodeIgniter\CodeIgniter->handleRequest(NULL, Object(Config\Cache), false)
#3 C:\xampp\htdocs\oee-module\index.php(37): CodeIgniter\CodeIgniter->run()
#4 {main}
CRITICAL - 2022-06-23 09:42:23 --> explode(): Argument #2 ($string) must be of type string, array given
#0 C:\xampp\htdocs\oee-module\app\Controllers\Home.php(1791): explode(':', Array)
#1 C:\xampp\htdocs\oee-module\system\CodeIgniter.php(825): App\Controllers\Home->hourData()
#2 C:\xampp\htdocs\oee-module\system\CodeIgniter.php(412): CodeIgniter\CodeIgniter->runController(Object(App\Controllers\Home))
#3 C:\xampp\htdocs\oee-module\system\CodeIgniter.php(320): CodeIgniter\CodeIgniter->handleRequest(NULL, Object(Config\Cache), false)
#4 C:\xampp\htdocs\oee-module\index.php(37): CodeIgniter\CodeIgniter->run()
#5 {main}
